mode: atomic
github.com/zacharyelston/timelinegenerator/internal/validation/validator.go:9.56,10.21 1 0
github.com/zacharyelston/timelinegenerator/internal/validation/validator.go:10.21,12.3 1 0
github.com/zacharyelston/timelinegenerator/internal/validation/validator.go:14.2,14.26 1 0
github.com/zacharyelston/timelinegenerator/internal/validation/validator.go:14.26,16.3 1 0
github.com/zacharyelston/timelinegenerator/internal/validation/validator.go:18.2,18.31 1 0
github.com/zacharyelston/timelinegenerator/internal/validation/validator.go:18.31,20.3 1 0
github.com/zacharyelston/timelinegenerator/internal/validation/validator.go:22.2,22.40 1 0
github.com/zacharyelston/timelinegenerator/internal/validation/validator.go:22.40,23.46 1 0
github.com/zacharyelston/timelinegenerator/internal/validation/validator.go:23.46,25.4 1 0
github.com/zacharyelston/timelinegenerator/internal/validation/validator.go:28.2,28.12 1 0
github.com/zacharyelston/timelinegenerator/internal/validation/validator.go:32.46,33.23 1 0
github.com/zacharyelston/timelinegenerator/internal/validation/validator.go:33.23,35.3 1 0
github.com/zacharyelston/timelinegenerator/internal/validation/validator.go:37.2,37.26 1 0
github.com/zacharyelston/timelinegenerator/internal/validation/validator.go:37.26,39.3 1 0
github.com/zacharyelston/timelinegenerator/internal/validation/validator.go:41.2,41.55 1 0
github.com/zacharyelston/timelinegenerator/internal/validation/validator.go:41.55,43.3 1 0
github.com/zacharyelston/timelinegenerator/internal/validation/validator.go:45.2,45.12 1 0
github.com/zacharyelston/timelinegenerator/pkg/yaml/importer.go:12.52,14.16 2 0
github.com/zacharyelston/timelinegenerator/pkg/yaml/importer.go:14.16,16.3 1 0
github.com/zacharyelston/timelinegenerator/pkg/yaml/importer.go:18.2,19.56 2 0
github.com/zacharyelston/timelinegenerator/pkg/yaml/importer.go:19.56,21.3 1 0
github.com/zacharyelston/timelinegenerator/pkg/yaml/importer.go:23.2,23.63 1 0
github.com/zacharyelston/timelinegenerator/pkg/yaml/importer.go:23.63,25.3 1 0
github.com/zacharyelston/timelinegenerator/pkg/yaml/importer.go:27.2,27.23 1 0
github.com/zacharyelston/timelinegenerator/internal/filtering/filter.go:20.88,22.47 1 5
github.com/zacharyelston/timelinegenerator/internal/filtering/filter.go:22.47,24.3 1 1
github.com/zacharyelston/timelinegenerator/internal/filtering/filter.go:26.2,33.40 2 4
github.com/zacharyelston/timelinegenerator/internal/filtering/filter.go:33.40,35.17 2 8
github.com/zacharyelston/timelinegenerator/internal/filtering/filter.go:35.17,37.4 1 0
github.com/zacharyelston/timelinegenerator/internal/filtering/filter.go:39.3,39.14 1 8
github.com/zacharyelston/timelinegenerator/internal/filtering/filter.go:39.14,41.4 1 5
github.com/zacharyelston/timelinegenerator/internal/filtering/filter.go:45.2,45.31 1 4
github.com/zacharyelston/timelinegenerator/internal/filtering/filter.go:45.31,47.3 1 0
github.com/zacharyelston/timelinegenerator/internal/filtering/filter.go:49.2,49.22 1 4
github.com/zacharyelston/timelinegenerator/internal/filtering/filter.go:52.76,54.39 1 8
github.com/zacharyelston/timelinegenerator/internal/filtering/filter.go:54.39,56.3 1 1
github.com/zacharyelston/timelinegenerator/internal/filtering/filter.go:59.2,60.16 2 7
github.com/zacharyelston/timelinegenerator/internal/filtering/filter.go:60.16,62.3 1 0
github.com/zacharyelston/timelinegenerator/internal/filtering/filter.go:63.2,63.14 1 7
github.com/zacharyelston/timelinegenerator/internal/filtering/filter.go:63.14,65.3 1 1
github.com/zacharyelston/timelinegenerator/internal/filtering/filter.go:68.2,69.16 2 6
github.com/zacharyelston/timelinegenerator/internal/filtering/filter.go:69.16,71.3 1 0
github.com/zacharyelston/timelinegenerator/internal/filtering/filter.go:72.2,72.14 1 6
github.com/zacharyelston/timelinegenerator/internal/filtering/filter.go:72.14,74.3 1 1
github.com/zacharyelston/timelinegenerator/internal/filtering/filter.go:76.2,76.18 1 5
github.com/zacharyelston/timelinegenerator/internal/filtering/filter.go:79.65,80.72 1 8
github.com/zacharyelston/timelinegenerator/internal/filtering/filter.go:80.72,82.3 1 1
github.com/zacharyelston/timelinegenerator/internal/filtering/filter.go:84.2,84.30 1 7
github.com/zacharyelston/timelinegenerator/internal/filtering/filter.go:84.30,85.23 1 1
github.com/zacharyelston/timelinegenerator/internal/filtering/filter.go:85.23,86.39 1 0
github.com/zacharyelston/timelinegenerator/internal/filtering/filter.go:86.39,88.5 1 0
github.com/zacharyelston/timelinegenerator/internal/filtering/filter.go:89.9,89.47 1 1
github.com/zacharyelston/timelinegenerator/internal/filtering/filter.go:89.47,91.4 1 0
github.com/zacharyelston/timelinegenerator/internal/filtering/filter.go:94.2,94.13 1 7
github.com/zacharyelston/timelinegenerator/internal/filtering/filter.go:97.73,99.48 1 7
github.com/zacharyelston/timelinegenerator/internal/filtering/filter.go:99.48,100.34 1 0
github.com/zacharyelston/timelinegenerator/internal/filtering/filter.go:100.34,101.25 1 0
github.com/zacharyelston/timelinegenerator/internal/filtering/filter.go:101.25,103.5 1 0
github.com/zacharyelston/timelinegenerator/internal/filtering/filter.go:108.2,108.27 1 7
github.com/zacharyelston/timelinegenerator/internal/filtering/filter.go:108.27,110.3 1 5
github.com/zacharyelston/timelinegenerator/internal/filtering/filter.go:113.2,113.41 1 2
github.com/zacharyelston/timelinegenerator/internal/filtering/filter.go:113.41,114.34 1 2
github.com/zacharyelston/timelinegenerator/internal/filtering/filter.go:114.34,115.25 1 3
github.com/zacharyelston/timelinegenerator/internal/filtering/filter.go:115.25,117.5 1 1
github.com/zacharyelston/timelinegenerator/internal/filtering/filter.go:121.2,121.19 1 1
github.com/zacharyelston/timelinegenerator/internal/filtering/filter.go:124.78,126.54 1 6
github.com/zacharyelston/timelinegenerator/internal/filtering/filter.go:126.54,127.35 1 0
github.com/zacharyelston/timelinegenerator/internal/filtering/filter.go:127.35,129.4 1 0
github.com/zacharyelston/timelinegenerator/internal/filtering/filter.go:133.2,133.33 1 6
github.com/zacharyelston/timelinegenerator/internal/filtering/filter.go:133.33,135.3 1 4
github.com/zacharyelston/timelinegenerator/internal/filtering/filter.go:138.2,138.47 1 2
github.com/zacharyelston/timelinegenerator/internal/filtering/filter.go:138.47,139.35 1 2
github.com/zacharyelston/timelinegenerator/internal/filtering/filter.go:139.35,141.4 1 1
github.com/zacharyelston/timelinegenerator/internal/filtering/filter.go:144.2,144.19 1 1
github.com/zacharyelston/timelinegenerator/internal/filtering/validation.go:9.43,10.46 1 5
github.com/zacharyelston/timelinegenerator/internal/filtering/validation.go:10.46,12.3 1 1
github.com/zacharyelston/timelinegenerator/internal/filtering/validation.go:14.2,14.45 1 4
github.com/zacharyelston/timelinegenerator/internal/filtering/validation.go:14.45,16.3 1 0
github.com/zacharyelston/timelinegenerator/internal/filtering/validation.go:18.2,18.51 1 4
github.com/zacharyelston/timelinegenerator/internal/filtering/validation.go:18.51,20.3 1 0
github.com/zacharyelston/timelinegenerator/internal/filtering/validation.go:22.2,22.12 1 4
github.com/zacharyelston/timelinegenerator/internal/filtering/validation.go:25.42,27.60 1 5
github.com/zacharyelston/timelinegenerator/internal/filtering/validation.go:27.60,28.46 1 2
github.com/zacharyelston/timelinegenerator/internal/filtering/validation.go:28.46,32.4 1 1
github.com/zacharyelston/timelinegenerator/internal/filtering/validation.go:36.2,37.63 2 4
github.com/zacharyelston/timelinegenerator/internal/filtering/validation.go:37.63,40.3 1 0
github.com/zacharyelston/timelinegenerator/internal/filtering/validation.go:41.2,41.59 1 4
github.com/zacharyelston/timelinegenerator/internal/filtering/validation.go:41.59,44.3 1 0
github.com/zacharyelston/timelinegenerator/internal/filtering/validation.go:46.2,46.12 1 4
github.com/zacharyelston/timelinegenerator/internal/filtering/validation.go:49.41,51.34 1 4
github.com/zacharyelston/timelinegenerator/internal/filtering/validation.go:51.34,52.16 1 1
github.com/zacharyelston/timelinegenerator/internal/filtering/validation.go:52.16,54.4 1 0
github.com/zacharyelston/timelinegenerator/internal/filtering/validation.go:56.2,56.41 1 4
github.com/zacharyelston/timelinegenerator/internal/filtering/validation.go:56.41,57.16 1 0
github.com/zacharyelston/timelinegenerator/internal/filtering/validation.go:57.16,59.4 1 0
github.com/zacharyelston/timelinegenerator/internal/filtering/validation.go:63.2,64.34 2 4
github.com/zacharyelston/timelinegenerator/internal/filtering/validation.go:64.34,65.18 1 1
github.com/zacharyelston/timelinegenerator/internal/filtering/validation.go:65.18,67.4 1 0
github.com/zacharyelston/timelinegenerator/internal/filtering/validation.go:68.3,68.21 1 1
github.com/zacharyelston/timelinegenerator/internal/filtering/validation.go:72.2,72.41 1 4
github.com/zacharyelston/timelinegenerator/internal/filtering/validation.go:72.41,73.49 1 1
github.com/zacharyelston/timelinegenerator/internal/filtering/validation.go:73.49,74.32 1 0
github.com/zacharyelston/timelinegenerator/internal/filtering/validation.go:74.32,76.5 1 0
github.com/zacharyelston/timelinegenerator/internal/filtering/validation.go:80.2,80.12 1 4
github.com/zacharyelston/timelinegenerator/internal/filtering/validation.go:83.47,85.40 1 4
github.com/zacharyelston/timelinegenerator/internal/filtering/validation.go:85.40,86.16 1 1
github.com/zacharyelston/timelinegenerator/internal/filtering/validation.go:86.16,88.4 1 0
github.com/zacharyelston/timelinegenerator/internal/filtering/validation.go:90.2,90.47 1 4
github.com/zacharyelston/timelinegenerator/internal/filtering/validation.go:90.47,91.16 1 0
github.com/zacharyelston/timelinegenerator/internal/filtering/validation.go:91.16,93.4 1 0
github.com/zacharyelston/timelinegenerator/internal/filtering/validation.go:97.2,98.40 2 4
github.com/zacharyelston/timelinegenerator/internal/filtering/validation.go:98.40,99.18 1 1
github.com/zacharyelston/timelinegenerator/internal/filtering/validation.go:99.18,101.4 1 0
github.com/zacharyelston/timelinegenerator/internal/filtering/validation.go:102.3,102.21 1 1
github.com/zacharyelston/timelinegenerator/internal/filtering/validation.go:106.2,106.47 1 4
github.com/zacharyelston/timelinegenerator/internal/filtering/validation.go:106.47,107.55 1 1
github.com/zacharyelston/timelinegenerator/internal/filtering/validation.go:107.55,108.32 1 0
github.com/zacharyelston/timelinegenerator/internal/filtering/validation.go:108.32,110.5 1 0
github.com/zacharyelston/timelinegenerator/internal/filtering/validation.go:114.2,114.12 1 4
